# JRE version: 7.0_06-b24
# Java VM: Java HotSpot(TM) 64-Bit Server VM (23.2-b09 mixed mode bsd-amd64 compressed oops)
Heap
 def new generation   total 28032K, used 4809K [0x00000007f0e00000, 0x00000007f2c60000, 0x00000007f4350000)
  eden space 24960K,  15% used [0x00000007f0e00000, 0x00000007f11df010, 0x00000007f2660000)
  from space 3072K,  27% used [0x00000007f2960000, 0x00000007f2a33568, 0x00000007f2c60000)
  to   space 3072K,   0% used [0x00000007f2660000, 0x00000007f2660000, 0x00000007f2960000)
 tenured generation   total 62172K, used 37301K [0x00000007f4350000, 0x00000007f8007000, 0x00000007fae00000)
   the space 62172K,  59% used [0x00000007f4350000, 0x00000007f67bd768, 0x00000007f67bd800, 0x00000007f8007000)
 compacting perm gen  total 52928K, used 52877K [0x00000007fae00000, 0x00000007fe1b0000, 0x0000000800000000)
   the space 52928K,  99% used [0x00000007fae00000, 0x00000007fe1a3680, 0x00000007fe1a3800, 0x00000007fe1b0000)
GC Heap History (10 events):
Event: 11047.837 GC heap before
{Heap before GC invocations=135 (full 10):
 def new generation   total 28032K, used 25567K [0x00000007f0e00000, 0x00000007f2c60000, 0x00000007f4350000)
  eden space 24960K, 100% used [0x00000007f0e00000, 0x00000007f2660000, 0x00000007f2660000)
  from space 3072K,  19% used [0x00000007f2660000, 0x00000007f26f7d88, 0x00000007f2960000)
  to   space 3072K,   0% used [0x00000007f2960000, 0x00000007f2960000, 0x00000007f2c60000)
 tenured generation   total 62172K, used 37301K [0x00000007f4350000, 0x00000007f8007000, 0x00000007fae00000)
   the space 62172K,  59% used [0x00000007f4350000, 0x00000007f67bd768, 0x00000007f67bd800, 0x00000007f8007000)
 compacting perm gen  total 52608K, used 52308K [0x00000007fae00000, 0x00000007fe160000, 0x0000000800000000)
   the space 52608K,  99% used [0x00000007fae00000, 0x00000007fe115360, 0x00000007fe115400, 0x00000007fe160000)
No shared spaces configured.
Event: 11047.842 GC heap after
Heap after GC invocations=136 (full 10):
 def new generation   total 28032K, used 650K [0x00000007f0e00000, 0x00000007f2c60000, 0x00000007f4350000)
  eden space 24960K,   0% used [0x00000007f0e00000, 0x00000007f0e00000, 0x00000007f2660000)
  from space 3072K,  21% used [0x00000007f2960000, 0x00000007f2a02968, 0x00000007f2c60000)
  to   space 3072K,   0% used [0x00000007f2660000, 0x00000007f2660000, 0x00000007f2960000)
 tenured generation   total 62172K, used 37301K [0x00000007f4350000, 0x00000007f8007000, 0x00000007fae00000)
   the space 62172K,  59% used [0x00000007f4350000, 0x00000007f67bd768, 0x00000007f67bd800, 0x00000007f8007000)
 compacting perm gen  total 52608K, used 52308K [0x00000007fae00000, 0x00000007fe160000, 0x0000000800000000)
   the space 52608K,  99% used [0x00000007fae00000, 0x00000007fe115360, 0x00000007fe115400, 0x00000007fe160000)
No shared spaces configured.
}
Event: 12363.262 GC heap before
{Heap before GC invocations=136 (full 10):
 def new generation   total 28032K, used 25610K [0x00000007f0e00000, 0x00000007f2c60000, 0x00000007f4350000)
  eden space 24960K, 100% used [0x00000007f0e00000, 0x00000007f2660000, 0x00000007f2660000)
  from space 3072K,  21% used [0x00000007f2960000, 0x00000007f2a02968, 0x00000007f2c60000)
  to   space 3072K,   0% used [0x00000007f2660000, 0x00000007f2660000, 0x00000007f2960000)
 tenured generation   total 62172K, used 37301K [0x00000007f4350000, 0x00000007f8007000, 0x00000007fae00000)
   the space 62172K,  59% used [0x00000007f4350000, 0x00000007f67bd768, 0x00000007f67bd800, 0x00000007f8007000)
 compacting perm gen  total 52608K, used 52454K [0x00000007fae00000, 0x00000007fe160000, 0x0000000800000000)
   the space 52608K,  99% used [0x00000007fae00000, 0x00000007fe139890, 0x00000007fe139a00, 0x00000007fe160000)
No shared spaces configured.
Event: 12363.267 GC heap after
Heap after GC invocations=137 (full 10):
 def new generation   total 28032K, used 698K [0x00000007f0e00000, 0x00000007f2c60000, 0x00000007f4350000)
  eden space 24960K,   0% used [0x00000007f0e00000, 0x00000007f0e00000, 0x00000007f2660000)
  from space 3072K,  22% used [0x00000007f2660000, 0x00000007f270e8a0, 0x00000007f2960000)
  to   space 3072K,   0% used [0x00000007f2960000, 0x00000007f2960000, 0x00000007f2c60000)
 tenured generation   total 62172K, used 37301K [0x00000007f4350000, 0x00000007f8007000, 0x00000007fae00000)
   the space 62172K,  59% used [0x00000007f4350000, 0x00000007f67bd768, 0x00000007f67bd800, 0x00000007f8007000)
 compacting perm gen  total 52608K, used 52454K [0x00000007fae00000, 0x00000007fe160000, 0x0000000800000000)
   the space 52608K,  99% used [0x00000007fae00000, 0x00000007fe139890, 0x00000007fe139a00, 0x00000007fe160000)
No shared spaces configured.
}
Event: 13655.717 GC heap before
{Heap before GC invocations=137 (full 10):
 def new generation   total 28032K, used 25658K [0x00000007f0e00000, 0x00000007f2c60000, 0x00000007f4350000)
  eden space 24960K, 100% used [0x00000007f0e00000, 0x00000007f2660000, 0x00000007f2660000)
  from space 3072K,  22% used [0x00000007f2660000, 0x00000007f270e8a0, 0x00000007f2960000)
  to   space 3072K,   0% used [0x00000007f2960000, 0x00000007f2960000, 0x00000007f2c60000)
 tenured generation   total 62172K, used 37301K [0x00000007f4350000, 0x00000007f8007000, 0x00000007fae00000)
   the space 62172K,  59% used [0x00000007f4350000, 0x00000007f67bd768, 0x00000007f67bd800, 0x00000007f8007000)
 compacting perm gen  total 52608K, used 52593K [0x00000007fae00000, 0x00000007fe160000, 0x0000000800000000)
   the space 52608K,  99% used [0x00000007fae00000, 0x00000007fe15c7c8, 0x00000007fe15c800, 0x00000007fe160000)
No shared spaces configured.
Event: 13655.722 GC heap after
Heap after GC invocations=138 (full 10):
 def new generation   total 28032K, used 745K [0x00000007f0e00000, 0x00000007f2c60000, 0x00000007f4350000)
  eden space 24960K,   0% used [0x00000007f0e00000, 0x00000007f0e00000, 0x00000007f2660000)
  from space 3072K,  24% used [0x00000007f2960000, 0x00000007f2a1a6c0, 0x00000007f2c60000)
  to   space 3072K,   0% used [0x00000007f2660000, 0x00000007f2660000, 0x00000007f2960000)
 tenured generation   total 62172K, used 37301K [0x00000007f4350000, 0x00000007f8007000, 0x00000007fae00000)
   the space 62172K,  59% used [0x00000007f4350000, 0x00000007f67bd768, 0x00000007f67bd800, 0x00000007f8007000)
 compacting perm gen  total 52608K, used 52593K [0x00000007fae00000, 0x00000007fe160000, 0x0000000800000000)
   the space 52608K,  99% used [0x00000007fae00000, 0x00000007fe15c7c8, 0x00000007fe15c800, 0x00000007fe160000)
No shared spaces configured.
}
Event: 14967.469 GC heap before
{Heap before GC invocations=138 (full 10):
 def new generation   total 28032K, used 25705K [0x00000007f0e00000, 0x00000007f2c60000, 0x00000007f4350000)
  eden space 24960K, 100% used [0x00000007f0e00000, 0x00000007f2660000, 0x00000007f2660000)
  from space 3072K,  24% used [0x00000007f2960000, 0x00000007f2a1a6c0, 0x00000007f2c60000)
  to   space 3072K,   0% used [0x00000007f2660000, 0x00000007f2660000, 0x00000007f2960000)
 tenured generation   total 62172K, used 37301K [0x00000007f4350000, 0x00000007f8007000, 0x00000007fae00000)
   the space 62172K,  59% used [0x00000007f4350000, 0x00000007f67bd768, 0x00000007f67bd800, 0x00000007f8007000)
 compacting perm gen  total 52928K, used 52735K [0x00000007fae00000, 0x00000007fe1b0000, 0x0000000800000000)
   the space 52928K,  99% used [0x00000007fae00000, 0x00000007fe17fcb0, 0x00000007fe17fe00, 0x00000007fe1b0000)
No shared spaces configured.
Event: 14967.474 GC heap after
Heap after GC invocations=139 (full 10):
 def new generation   total 28032K, used 788K [0x00000007f0e00000, 0x00000007f2c60000, 0x00000007f4350000)
  eden space 24960K,   0% used [0x00000007f0e00000, 0x00000007f0e00000, 0x00000007f2660000)
  from space 3072K,  25% used [0x00000007f2660000, 0x00000007f2725398, 0x00000007f2960000)
  to   space 3072K,   0% used [0x00000007f2960000, 0x00000007f2960000, 0x00000007f2c60000)
 tenured generation   total 62172K, used 37301K [0x00000007f4350000, 0x00000007f8007000, 0x00000007fae00000)
   the space 62172K,  59% used [0x00000007f4350000, 0x00000007f67bd768, 0x00000007f67bd800, 0x00000007f8007000)
 compacting perm gen  total 52928K, used 52735K [0x00000007fae00000, 0x00000007fe1b0000, 0x0000000800000000)
   the space 52928K,  99% used [0x00000007fae00000, 0x00000007fe17fcb0, 0x00000007fe17fe00, 0x00000007fe1b0000)
No shared spaces configured.
}
Event: 17711.426 GC heap before
{Heap before GC invocations=139 (full 10):
 def new generation   total 28032K, used 25748K [0x00000007f0e00000, 0x00000007f2c60000, 0x00000007f4350000)
  eden space 24960K, 100% used [0x00000007f0e00000, 0x00000007f2660000, 0x00000007f2660000)
  from space 3072K,  25% used [0x00000007f2660000, 0x00000007f2725398, 0x00000007f2960000)
  to   space 3072K,   0% used [0x00000007f2960000, 0x00000007f2960000, 0x00000007f2c60000)
 tenured generation   total 62172K, used 37301K [0x00000007f4350000, 0x00000007f8007000, 0x00000007fae00000)
   the space 62172K,  59% used [0x00000007f4350000, 0x00000007f67bd768, 0x00000007f67bd800, 0x00000007f8007000)
 compacting perm gen  total 52928K, used 52859K [0x00000007fae00000, 0x00000007fe1b0000, 0x0000000800000000)
   the space 52928K,  99% used [0x00000007fae00000, 0x00000007fe19ec38, 0x00000007fe19ee00, 0x00000007fe1b0000)
No shared spaces configured.
Event: 17711.453 GC heap after
Heap after GC invocations=140 (full 10):
 def new generation   total 28032K, used 845K [0x00000007f0e00000, 0x00000007f2c60000, 0x00000007f4350000)
  eden space 24960K,   0% used [0x00000007f0e00000, 0x00000007f0e00000, 0x00000007f2660000)
  from space 3072K,  27% used [0x00000007f2960000, 0x00000007f2a33568, 0x00000007f2c60000)
  to   space 3072K,   0% used [0x00000007f2660000, 0x00000007f2660000, 0x00000007f2960000)
 tenured generation   total 62172K, used 37301K [0x00000007f4350000, 0x00000007f8007000, 0x00000007fae00000)
   the space 62172K,  59% used [0x00000007f4350000, 0x00000007f67bd768, 0x00000007f67bd800, 0x00000007f8007000)
 compacting perm gen  total 52928K, used 52859K [0x00000007fae00000, 0x00000007fe1b0000, 0x0000000800000000)
   the space 52928K,  99% used [0x00000007fae00000, 0x00000007fe19ec38, 0x00000007fe19ee00, 0x00000007fe1b0000)
No shared spaces configured.
}

